2021-11-04 16:44:10.445  INFO 19928 --- [main] t.e.spring.test.MissionServiceImpTest    : Starting MissionServiceImpTest on LAPTOP-EI38EF95 with PID 19928 (started by Hamza in C:\Users\Khali\Desktop\Timesheet\Springboot)
2021-11-04 16:44:10.446  INFO 19928 --- [main] t.e.spring.test.MissionServiceImpTest    : No active profile set, falling back to default profiles: default
2021-11-04 16:44:10.923  INFO 19928 --- [main] .s.d.r.c.RepositoryConfigurationDelegate : Bootstrapping Spring Data repositories in DEFAULT mode.
2021-11-04 16:44:11.011  INFO 19928 --- [main] .s.d.r.c.RepositoryConfigurationDelegate : Finished Spring Data repository scanning in 81ms. Found 6 repository interfaces.
2021-11-04 16:44:11.305  INFO 19928 --- [main] trationDelegate$BeanPostProcessorChecker : Bean 'org.springframework.transaction.annotation.ProxyTransactionManagementConfiguration' of type [org.springframework.transaction.annotation.ProxyTransactionManagementConfiguration$$EnhancerBySpringCGLIB$$93531f6b] is not eligible for getting processed by all BeanPostProcessors (for example: not eligible for auto-proxying)
2021-11-04 16:44:11.486  INFO 19928 --- [main] com.zaxxer.hikari.HikariDataSource       : HikariPool-1 - Starting...
2021-11-04 16:44:11.675  INFO 19928 --- [main] com.zaxxer.hikari.HikariDataSource       : HikariPool-1 - Start completed.
2021-11-04 16:44:11.723  INFO 19928 --- [main] o.hibernate.jpa.internal.util.LogHelper  : HHH000204: Processing PersistenceUnitInfo [
	name: default
	...]
2021-11-04 16:44:11.773  INFO 19928 --- [main] org.hibernate.Version                    : HHH000412: Hibernate Core {5.3.9.Final}
2021-11-04 16:44:11.774  INFO 19928 --- [main] org.hibernate.cfg.Environment            : HHH000206: hibernate.properties not found
2021-11-04 16:44:11.888  INFO 19928 --- [main] o.hibernate.annotations.common.Version   : HCANN000001: Hibernate Commons Annotations {5.0.4.Final}
2021-11-04 16:44:12.162  INFO 19928 --- [main] org.hibernate.dialect.Dialect            : HHH000400: Using dialect: org.hibernate.dialect.MySQL5Dialect
2021-11-04 16:44:12.907  INFO 19928 --- [main] j.LocalContainerEntityManagerFactoryBean : Initialized JPA EntityManagerFactory for persistence unit 'default'
2021-11-04 16:44:13.159  INFO 19928 --- [main] o.h.h.i.QueryTranslatorFactoryInitiator  : HHH000397: Using ASTQueryTranslatorFactory
2021-11-04 16:44:13.888  INFO 19928 --- [main] o.s.s.concurrent.ThreadPoolTaskExecutor  : Initializing ExecutorService 'applicationTaskExecutor'
2021-11-04 16:44:14.068  WARN 19928 --- [main] aWebConfiguration$JpaWebMvcConfiguration : spring.jpa.open-in-view is enabled by default. Therefore, database queries may be performed during view rendering. Explicitly configure spring.jpa.open-in-view to disable this warning
2021-11-04 16:44:14.321  INFO 19928 --- [main] t.e.spring.test.MissionServiceImpTest    : Started MissionServiceImpTest in 4.062 seconds (JVM running for 4.631)
2021-11-04 16:44:14.417  INFO 19928 --- [main] t.e.spring.test.MissionServiceImpTest    : Le Nombre des Employes est :
2021-11-04 16:44:14.418  INFO 19928 --- [main] t.e.spring.test.MissionServiceImpTest    : 0
2021-11-04 16:44:14.447  INFO 19928 --- [main] t.e.spring.test.MissionServiceImpTest    : Mission added successfuly 
2021-11-04 16:44:14.527  INFO 19928 --- [main] t.e.spring.test.MissionServiceImpTest    : > 0
2021-11-04 16:44:14.552  INFO 19928 --- [Thread-2] o.s.s.concurrent.ThreadPoolTaskExecutor  : Shutting down ExecutorService 'applicationTaskExecutor'
2021-11-04 16:44:14.554  INFO 19928 --- [Thread-2] j.LocalContainerEntityManagerFactoryBean : Closing JPA EntityManagerFactory for persistence unit 'default'
2021-11-04 16:44:14.555  INFO 19928 --- [Thread-2] com.zaxxer.hikari.HikariDataSource       : HikariPool-1 - Shutdown initiated...
2021-11-04 16:44:14.558  INFO 19928 --- [Thread-2] com.zaxxer.hikari.HikariDataSource       : HikariPool-1 - Shutdown completed.
